0 info it worked if it ends with ok
1 verbose cli [ '/usr/local/bin/node', '/usr/local/bin/npm', 'publish' ]
2 info using npm@3.7.3
3 info using node@v5.8.0
4 verbose publish [ '.' ]
5 silly cache add args [ '.', null ]
6 verbose cache add spec .
7 silly cache add parsed spec Result {
7 silly cache add   raw: '.',
7 silly cache add   scope: null,
7 silly cache add   name: null,
7 silly cache add   rawSpec: '.',
7 silly cache add   spec: '/Volumes/Data/Repositorios/yeoman/generator-base-reactbonymerjs',
7 silly cache add   type: 'directory' }
8 verbose addLocalDirectory /Users/zguillez/.npm/generator-base-backbone/1.3.3/package.tgz not in flight; packing
9 verbose correctMkdir /Users/zguillez/.npm correctMkdir not in flight; initializing
10 info lifecycle generator-base-backbone@1.3.3~prepublish: generator-base-backbone@1.3.3
11 silly lifecycle generator-base-backbone@1.3.3~prepublish: no script for prepublish, continuing
12 verbose tar pack [ '/Users/zguillez/.npm/generator-base-backbone/1.3.3/package.tgz',
12 verbose tar pack   '/Volumes/Data/Repositorios/yeoman/generator-base-reactbonymerjs' ]
13 verbose tarball /Users/zguillez/.npm/generator-base-backbone/1.3.3/package.tgz
14 verbose folder /Volumes/Data/Repositorios/yeoman/generator-base-reactbonymerjs
15 verbose addLocalTarball adding from inside cache /Users/zguillez/.npm/generator-base-backbone/1.3.3/package.tgz
16 verbose correctMkdir /Users/zguillez/.npm correctMkdir not in flight; initializing
17 silly cache afterAdd generator-base-backbone@1.3.3
18 verbose afterAdd /Users/zguillez/.npm/generator-base-backbone/1.3.3/package/package.json not in flight; writing
19 verbose correctMkdir /Users/zguillez/.npm correctMkdir not in flight; initializing
20 verbose afterAdd /Users/zguillez/.npm/generator-base-backbone/1.3.3/package/package.json written
21 silly publish { name: 'generator-base-backbone',
21 silly publish   version: '1.3.3',
21 silly publish   description: 'Backbone.js basic skeleton for webapp development. With RequireJS, Bootstrap, Sass, and templating with Jade and Lodash. Also with JSHint and Grunt.',
21 silly publish   license: 'MIT',
21 silly publish   main: 'app/index.js',
21 silly publish   repository:
21 silly publish    { type: 'git',
21 silly publish      url: 'git+https://github.com/zguillez/generator-base-backbone.git' },
21 silly publish   author:
21 silly publish    { name: 'Guillermo de la Iglesia',
21 silly publish      email: 'mail@zguillez.io',
21 silly publish      url: 'https://github.com/zguillez' },
21 silly publish   scripts: { test: 'mocha' },
21 silly publish   files: [ 'generators' ],
21 silly publish   keywords:
21 silly publish    [ 'yeoman-generator',
21 silly publish      'Backbone',
21 silly publish      'Underscore',
21 silly publish      'Lodash',
21 silly publish      'Jade',
21 silly publish      'Sass',
21 silly publish      'Bootstrap',
21 silly publish      'Jquery',
21 silly publish      'Grunt' ],
21 silly publish   dependencies:
21 silly publish    { 'yeoman-generator': '^0.22.5',
21 silly publish      chalk: '^1.1.1',
21 silly publish      yosay: '^1.1.0' },
21 silly publish   devDependencies:
21 silly publish    { mocha: '*',
21 silly publish      bower: '^1.7.7',
21 silly publish      grunt: '^0.4.5',
21 silly publish      'load-grunt-tasks': '^3.4.1',
21 silly publish      'grunt-contrib-clean': '~1.0.0',
21 silly publish      'grunt-contrib-concat': '^1.0.0',
21 silly publish      'grunt-contrib-connect': '~1.0.1',
21 silly publish      'connect-livereload': '^0.5.4',
21 silly publish      'grunt-contrib-copy': '~1.0.0',
21 silly publish      'grunt-contrib-jade': '^1.0.0',
21 silly publish      'grunt-contrib-jshint': '^1.0.0',
21 silly publish      'grunt-contrib-sass': '~1.0.0',
21 silly publish      'grunt-contrib-uglify': '~1.0.1',
21 silly publish      'grunt-contrib-watch': '^1.0.0',
21 silly publish      'grunt-merge-copy': '^1.0.0',
21 silly publish      'grunt-open': '^0.2.3',
21 silly publish      'grunt-reload': '^0.2.0',
21 silly publish      jade: '^1.11.0',
21 silly publish      'jshint-stylish': '^2.1.0' },
21 silly publish   readme: '# generator-base-reactbonymerjs\n\n\n',
21 silly publish   readmeFilename: 'README.md',
21 silly publish   gitHead: '778205e8ef1f7c892f041d6cbc3a78a4ad771fd1',
21 silly publish   bugs: { url: 'https://github.com/zguillez/generator-base-backbone/issues' },
21 silly publish   homepage: 'https://github.com/zguillez/generator-base-backbone#readme',
21 silly publish   _id: 'generator-base-backbone@1.3.3',
21 silly publish   _shasum: '9107f08d6f0cabab476b949ca8b06f495c5f0d34',
21 silly publish   _from: '.' }
22 verbose getPublishConfig undefined
23 silly mapToRegistry name generator-base-backbone
24 silly mapToRegistry using default registry
25 silly mapToRegistry registry https://registry.npmjs.org/
26 silly mapToRegistry uri https://registry.npmjs.org/generator-base-backbone
27 verbose publish registryBase https://registry.npmjs.org/
28 silly publish uploading /Users/zguillez/.npm/generator-base-backbone/1.3.3/package.tgz
29 verbose request uri https://registry.npmjs.org/generator-base-backbone
30 verbose request sending authorization for write operation
31 info attempt registry request try #1 at 15:34:12
32 verbose request using bearer token for auth
33 verbose request id 94ad2965c7d66594
34 http request PUT https://registry.npmjs.org/generator-base-backbone
35 http 403 https://registry.npmjs.org/generator-base-backbone
36 verbose headers { 'content-type': 'application/json',
36 verbose headers   'cache-control': 'max-age=300',
36 verbose headers   'content-length': '95',
36 verbose headers   'accept-ranges': 'bytes',
36 verbose headers   date: 'Fri, 08 Apr 2016 13:34:16 GMT',
36 verbose headers   via: '1.1 varnish',
36 verbose headers   connection: 'keep-alive',
36 verbose headers   'x-served-by': 'cache-lcy1121-LCY',
36 verbose headers   'x-cache': 'MISS',
36 verbose headers   'x-cache-hits': '0',
36 verbose headers   'x-timer': 'S1460122453.716300,VS0,VE3076',
36 verbose headers   vary: 'Accept-Encoding' }
37 verbose request invalidating /Users/zguillez/.npm/registry.npmjs.org/generator-base-backbone on PUT
38 error publish Failed PUT 403
39 verbose stack Error: "You cannot publish over the previously published version 1.3.3." : generator-base-backbone
39 verbose stack     at makeError (/usr/local/lib/node_modules/npm/node_modules/npm-registry-client/lib/request.js:264:12)
39 verbose stack     at CachingRegistryClient.<anonymous> (/usr/local/lib/node_modules/npm/node_modules/npm-registry-client/lib/request.js:252:14)
39 verbose stack     at Request._callback (/usr/local/lib/node_modules/npm/node_modules/npm-registry-client/lib/request.js:172:14)
39 verbose stack     at Request.self.callback (/usr/local/lib/node_modules/npm/node_modules/request/request.js:199:22)
39 verbose stack     at emitTwo (events.js:100:13)
39 verbose stack     at Request.emit (events.js:185:7)
39 verbose stack     at Request.<anonymous> (/usr/local/lib/node_modules/npm/node_modules/request/request.js:1036:10)
39 verbose stack     at emitOne (events.js:95:20)
39 verbose stack     at Request.emit (events.js:182:7)
39 verbose stack     at IncomingMessage.<anonymous> (/usr/local/lib/node_modules/npm/node_modules/request/request.js:963:12)
40 verbose statusCode 403
41 verbose pkgid generator-base-backbone
42 verbose cwd /Volumes/Data/Repositorios/yeoman/generator-base-reactbonymerjs
43 error Darwin 15.3.0
44 error argv "/usr/local/bin/node" "/usr/local/bin/npm" "publish"
45 error node v5.8.0
46 error npm  v3.7.3
47 error code E403
48 error "You cannot publish over the previously published version 1.3.3." : generator-base-backbone
49 error If you need help, you may report this error at:
49 error     <https://github.com/npm/npm/issues>
50 verbose exit [ 1, true ]
